INFO:root:Searching for font 'DejaVu Sans', of style normal and weight 400.
INFO:root:Bool of searching function: True
INFO:root:Width: 240. Line: -Mi primer año no me atreví.
INFO:root:Width: 238. Line: -a dar clases de informática.
INFO:root:Picked 240 as the longest of [240, 238].
INFO:root:Searching for font 'DejaVu Sans', of style normal and weight 400.
INFO:root:Bool of searching function: True
INFO:root:Width: 167. Line: -Me ponía nervioso..
INFO:root:Width: 198. Line: -No me sentía cómodo..
INFO:root:Picked 198 as the longest of [198, 167].
INFO:root:Searching for font 'DejaVu Sans', of style normal and weight 400.
INFO:root:Bool of searching function: True
INFO:root:Width: 179. Line: -Y la verdad no sabía.
INFO:root:Width: 200. Line: -qué era la informática..
INFO:root:Picked 200 as the longest of [200, 179].
INFO:root:Searching for font 'DejaVu Sans', of style normal and weight 400.
INFO:root:Bool of searching function: True
INFO:root:Width: 228. Line: -o incluso si ya sabéis algo.
INFO:root:Width: 269. Line: -de informática o programación.
INFO:root:Picked 269 as the longest of [269, 228].
INFO:root:Searching for font 'DejaVu Sans', of style normal and weight 400.
INFO:root:Bool of searching function: True
INFO:root:Width: 71. Line: -Binario..
INFO:root:Width: 186. Line: -Sí, «bi» significa dos..
INFO:root:Picked 186 as the longest of [186, 71].
INFO:root:Searching for font 'DejaVu Sans', of style normal and weight 400.
INFO:root:Bool of searching function: True
INFO:root:Width: 114. Line: -No funciona..
INFO:root:Width: 123. Line: -No pasa nada.
INFO:root:Picked 123 as the longest of [123, 114].
INFO:root:Searching for font 'DejaVu Sans', of style normal and weight 400.
INFO:root:Bool of searching function: True
INFO:root:Width: 46. Line: -Tres..
INFO:root:Width: 255. Line: -Sí, porque tengo un 1 y un 2..
INFO:root:Picked 255 as the longest of [255, 46].
INFO:root:Searching for font 'DejaVu Sans', of style normal and weight 400.
INFO:root:Bool of searching function: True
INFO:root:Width: 240. Line: -Mi primer año no me atreví.
INFO:root:Width: 238. Line: -a dar clases de informática.
INFO:root:Picked 240 as the longest of [240, 238].
INFO:root:Searching for font 'DejaVu Sans', of style normal and weight 400.
INFO:root:Bool of searching function: True
INFO:root:Width: 167. Line: -Me ponía nervioso..
INFO:root:Width: 198. Line: -No me sentía cómodo..
INFO:root:Picked 198 as the longest of [198, 167].
INFO:root:Searching for font 'DejaVu Sans', of style normal and weight 400.
INFO:root:Bool of searching function: True
INFO:root:Width: 179. Line: -Y la verdad no sabía.
INFO:root:Width: 200. Line: -qué era la informática..
INFO:root:Picked 200 as the longest of [200, 179].
INFO:root:Searching for font 'DejaVu Sans', of style normal and weight 400.
INFO:root:Bool of searching function: True
INFO:root:Width: 228. Line: -o incluso si ya sabéis algo.
INFO:root:Width: 269. Line: -de informática o programación.
INFO:root:Picked 269 as the longest of [269, 228].
INFO:root:Searching for font 'DejaVu Sans', of style normal and weight 400.
INFO:root:Bool of searching function: True
INFO:root:Width: 71. Line: -Binario..
INFO:root:Width: 186. Line: -Sí, «bi» significa dos..
INFO:root:Picked 186 as the longest of [186, 71].
INFO:root:Searching for font 'DejaVu Sans', of style normal and weight 400.
INFO:root:Bool of searching function: True
INFO:root:Width: 114. Line: -No funciona..
INFO:root:Width: 123. Line: -No pasa nada.
INFO:root:Picked 123 as the longest of [123, 114].
INFO:root:Searching for font 'DejaVu Sans', of style normal and weight 400.
INFO:root:Bool of searching function: True
INFO:root:Width: 46. Line: -Tres..
INFO:root:Width: 255. Line: -Sí, porque tengo un 1 y un 2..
INFO:root:Picked 255 as the longest of [255, 46].
INFO:root:Searching for font 'poopyface', of style normal and weight 400.
INFO:root:Bool of searching function: True
INFO:root:Width: 240. Line: -Mi primer año no me atreví.
INFO:root:Width: 238. Line: -a dar clases de informática.
INFO:root:Picked 240 as the longest of [240, 238].
INFO:root:Searching for font 'poopyface', of style normal and weight 400.
INFO:root:Bool of searching function: True
INFO:root:Width: 167. Line: -Me ponía nervioso..
INFO:root:Width: 198. Line: -No me sentía cómodo..
INFO:root:Picked 198 as the longest of [198, 167].
INFO:root:Searching for font 'poopyface', of style normal and weight 400.
INFO:root:Bool of searching function: True
INFO:root:Width: 179. Line: -Y la verdad no sabía.
INFO:root:Width: 200. Line: -qué era la informática..
INFO:root:Picked 200 as the longest of [200, 179].
INFO:root:Searching for font 'poopyface', of style normal and weight 400.
INFO:root:Bool of searching function: True
INFO:root:Width: 228. Line: -o incluso si ya sabéis algo.
INFO:root:Width: 269. Line: -de informática o programación.
INFO:root:Picked 269 as the longest of [269, 228].
INFO:root:Searching for font 'poopyface', of style normal and weight 400.
INFO:root:Bool of searching function: True
INFO:root:Width: 71. Line: -Binario..
INFO:root:Width: 186. Line: -Sí, «bi» significa dos..
INFO:root:Picked 186 as the longest of [186, 71].
INFO:root:Searching for font 'poopyface', of style normal and weight 400.
INFO:root:Bool of searching function: True
INFO:root:Width: 114. Line: -No funciona..
INFO:root:Width: 123. Line: -No pasa nada.
INFO:root:Picked 123 as the longest of [123, 114].
INFO:root:Searching for font 'poopyface', of style normal and weight 400.
INFO:root:Bool of searching function: True
INFO:root:Width: 46. Line: -Tres..
INFO:root:Width: 255. Line: -Sí, porque tengo un 1 y un 2..
INFO:root:Picked 255 as the longest of [255, 46].
INFO:root:Searching for font 'poopyface', of style normal and weight 400.
INFO:root:Bool of searching function: True
INFO:root:Using font /home/guille/.local/lib/python3.7/site-packages/matplotlib/mpl-data/fonts/ttf/DejaVuSans.ttf.
INFO:root:Width: 240. Line: -Mi primer año no me atreví.
INFO:root:Width: 238. Line: -a dar clases de informática.
INFO:root:Picked 240 as the longest of [240, 238].
INFO:root:Searching for font 'poopyface', of style normal and weight 400.
INFO:root:Bool of searching function: True
INFO:root:Using font /home/guille/.local/lib/python3.7/site-packages/matplotlib/mpl-data/fonts/ttf/DejaVuSans.ttf.
INFO:root:Width: 167. Line: -Me ponía nervioso..
INFO:root:Width: 198. Line: -No me sentía cómodo..
INFO:root:Picked 198 as the longest of [198, 167].
INFO:root:Searching for font 'poopyface', of style normal and weight 400.
INFO:root:Bool of searching function: True
INFO:root:Using font /home/guille/.local/lib/python3.7/site-packages/matplotlib/mpl-data/fonts/ttf/DejaVuSans.ttf.
INFO:root:Width: 179. Line: -Y la verdad no sabía.
INFO:root:Width: 200. Line: -qué era la informática..
INFO:root:Picked 200 as the longest of [200, 179].
INFO:root:Searching for font 'poopyface', of style normal and weight 400.
INFO:root:Bool of searching function: True
INFO:root:Using font /home/guille/.local/lib/python3.7/site-packages/matplotlib/mpl-data/fonts/ttf/DejaVuSans.ttf.
INFO:root:Width: 228. Line: -o incluso si ya sabéis algo.
INFO:root:Width: 269. Line: -de informática o programación.
INFO:root:Picked 269 as the longest of [269, 228].
INFO:root:Searching for font 'poopyface', of style normal and weight 400.
INFO:root:Bool of searching function: True
INFO:root:Using font /home/guille/.local/lib/python3.7/site-packages/matplotlib/mpl-data/fonts/ttf/DejaVuSans.ttf.
INFO:root:Width: 71. Line: -Binario..
INFO:root:Width: 186. Line: -Sí, «bi» significa dos..
INFO:root:Picked 186 as the longest of [186, 71].
INFO:root:Searching for font 'poopyface', of style normal and weight 400.
INFO:root:Bool of searching function: True
INFO:root:Using font /home/guille/.local/lib/python3.7/site-packages/matplotlib/mpl-data/fonts/ttf/DejaVuSans.ttf.
INFO:root:Width: 114. Line: -No funciona..
INFO:root:Width: 123. Line: -No pasa nada.
INFO:root:Picked 123 as the longest of [123, 114].
INFO:root:Searching for font 'poopyface', of style normal and weight 400.
INFO:root:Bool of searching function: True
INFO:root:Using font /home/guille/.local/lib/python3.7/site-packages/matplotlib/mpl-data/fonts/ttf/DejaVuSans.ttf.
INFO:root:Width: 46. Line: -Tres..
INFO:root:Width: 255. Line: -Sí, porque tengo un 1 y un 2..
INFO:root:Picked 255 as the longest of [255, 46].
INFO:root:Searching for font 'French Script MT', of style normal and weight 400.
INFO:root:Using font /usr/share/fonts/windows/FRSCRIPT.TTF.
INFO:root:Width: 439. Text: -Mi primer año no me atreví.
INFO:root:Width: 408. Text: -a dar clases de informática.
INFO:root:Picked 439 as the longest of [439, 408].
INFO:root:Searching for font 'French Script MT', of style normal and weight 400.
INFO:root:Using font /usr/share/fonts/windows/FRSCRIPT.TTF.
INFO:root:Width: 309. Text: -Me ponía nervioso..
INFO:root:Width: 352. Text: -No me sentía cómodo..
INFO:root:Picked 352 as the longest of [352, 309].
INFO:root:Searching for font 'French Script MT', of style normal and weight 400.
INFO:root:Using font /usr/share/fonts/windows/FRSCRIPT.TTF.
INFO:root:Width: 334. Text: -Y la verdad no sabía.
INFO:root:Width: 348. Text: -qué era la informática..
INFO:root:Picked 348 as the longest of [348, 334].
INFO:root:Searching for font 'French Script MT', of style normal and weight 400.
INFO:root:Using font /usr/share/fonts/windows/FRSCRIPT.TTF.
INFO:root:Width: 406. Text: -o incluso si ya sabéis algo.
INFO:root:Width: 461. Text: -de informática o programación.
INFO:root:Picked 461 as the longest of [461, 406].
INFO:root:Searching for font 'French Script MT', of style normal and weight 400.
INFO:root:Using font /usr/share/fonts/windows/FRSCRIPT.TTF.
INFO:root:Width: 141. Text: -Binario..
INFO:root:Width: 347. Text: -Sí, «bi» significa dos..
INFO:root:Picked 347 as the longest of [347, 141].
INFO:root:Searching for font 'French Script MT', of style normal and weight 400.
INFO:root:Using font /usr/share/fonts/windows/FRSCRIPT.TTF.
INFO:root:Width: 219. Text: -No funciona..
INFO:root:Width: 240. Text: -No pasa nada.
INFO:root:Picked 240 as the longest of [240, 219].
INFO:root:Searching for font 'French Script MT', of style normal and weight 400.
INFO:root:Using font /usr/share/fonts/windows/FRSCRIPT.TTF.
INFO:root:Width: 88. Text: -Tres..
INFO:root:Width: 469. Text: -Sí, porque tengo un 1 y un 2..
INFO:root:Picked 469 as the longest of [469, 88].
